[    0.000000] Initializing cgroup subsys cpuset
[    0.000000] Initializing cgroup subsys cpu
[    0.000000] Initializing cgroup subsys cpuacct
[    0.000000] Linux version 4.4.0-103-generic (buildd@lcy01-amd64-001) (gcc version 5.4.0 20160609 (Ubuntu 5.4.0-6ubuntu1~16.04.5) ) #126-Ubuntu SMP Mon Dec 4 16:23:28 UTC 2017 (Ubuntu 4.4.0-103.126-generic 4.4.98)
[    0.000000] Command line: BOOT_IMAGE=/boot/vmlinuz-4.4.0-103-generic root=UUID=7150905e-db03-4f6c-b8a9-54656d784602 ro console=tty1 console=ttyS0
[    0.000000] KERNEL supported cpus:
[    0.000000]   Intel GenuineIntel
[    0.000000]   AMD AuthenticAMD
[    0.000000]   Centaur CentaurHauls
[    0.000000] x86/fpu: xstate_offset[2]:  576, xstate_sizes[2]:  256
[    0.000000] x86/fpu: Supporting XSAVE feature 0x01: 'x87 floating point registers'
[    0.000000] x86/fpu: Supporting XSAVE feature 0x02: 'SSE registers'
[    0.000000] x86/fpu: Supporting XSAVE feature 0x04: 'AVX registers'
[    0.000000] x86/fpu: Enabled xstate features 0x7, context size is 832 bytes, using 'standard' format.
[    0.000000] x86/fpu: Using 'lazy' FPU context switches.
[    0.000000] e820: BIOS-provided physical RAM map:
[    0.000000] BIOS-e820: [mem 0x0000000000000000-0x000000000009fbff] usable
[    0.000000] BIOS-e820: [mem 0x000000000009fc00-0x000000000009ffff] reserved
[    0.000000] BIOS-e820: [mem 0x00000000000f0000-0x00000000000fffff] reserved
[    0.000000] BIOS-e820: [mem 0x0000000000100000-0x000000003ffeffff] usable
[    0.000000] BIOS-e820: [mem 0x000000003fff0000-0x000000003fffffff] ACPI data
[    0.000000] BIOS-e820: [mem 0x00000000fec00000-0x00000000fec00fff] reserved
[    0.000000] BIOS-e820: [mem 0x00000000fee00000-0x00000000fee00fff] reserved
[    0.000000] BIOS-e820: [mem 0x00000000fffc0000-0x00000000ffffffff] reserved
[    0.000000] NX (Execute Disable) protection: active
[    0.000000] SMBIOS 2.5 present.
[    0.000000] Hypervisor detected: KVM
[    0.000000] e820: last_pfn = 0x3fff0 max_arch_pfn = 0x400000000
[    0.000000] MTRR: Disabled
[    0.000000] x86/PAT: MTRRs disabled, skipping PAT initialization too.
[    0.000000] CPU MTRRs all blank - virtualized system.
[    0.000000] x86/PAT: Configuration [0-7]: WB  WT  UC- UC  WB  WT  UC- UC  
[    0.000000] found SMP MP-table at [mem 0x0009fff0-0x0009ffff] mapped at [ffff88000009fff0]
[    0.000000] Scanning 1 areas for low memory corruption
[    0.000000] RAMDISK: [mem 0x36230000-0x3710ffff]
[    0.000000] ACPI: Early table checksum verification disabled
[    0.000000] ACPI: RSDP 0x00000000000E0000 000024 (v02 VBOX  )
[    0.000000] ACPI: XSDT 0x000000003FFF0030 00003C (v01 VBOX   VBOXXSDT 00000001 ASL  00000061)
[    0.000000] ACPI: FACP 0x000000003FFF00F0 0000F4 (v04 VBOX   VBOXFACP 00000001 ASL  00000061)
[    0.000000] ACPI: DSDT 0x000000003FFF0470 0021C8 (v02 VBOX   VBOXBIOS 00000002 INTL 20100528)
[    0.000000] ACPI: FACS 0x000000003FFF0200 000040
[    0.000000] ACPI: FACS 0x000000003FFF0200 000040
[    0.000000] ACPI: APIC 0x000000003FFF0240 00005C (v02 VBOX   VBOXAPIC 00000001 ASL  00000061)
[    0.000000] ACPI: SSDT 0x000000003FFF02A0 0001CC (v01 VBOX   VBOXCPUT 00000002 INTL 20100528)
[    0.000000] No NUMA configuration found
[    0.000000] Faking a node at [mem 0x0000000000000000-0x000000003ffeffff]
[    0.000000] NODE_DATA(0) allocated [mem 0x3ffeb000-0x3ffeffff]
[    0.000000] kvm-clock: Using msrs 4b564d01 and 4b564d00
[    0.000000] kvm-clock: cpu 0, msr 0:3ffe3001, primary cpu clock
[    0.000000] kvm-clock: using sched offset of 3205940688 cycles
[    0.000000] clocksource: kvm-clock: mask: 0xffffffffffffffff max_cycles: 0x1cd42e4dffb, max_idle_ns: 881590591483 ns
[    0.000000] Zone ranges:
[    0.000000]   DMA      [mem 0x0000000000001000-0x0000000000ffffff]
[    0.000000]   DMA32    [mem 0x0000000001000000-0x000000003ffeffff]
[    0.000000]   Normal   empty
[    0.000000]   Device   empty
[    0.000000] Movable zone start for each node
[    0.000000] Early memory node ranges
[    0.000000]   node   0: [mem 0x0000000000001000-0x000000000009efff]
[    0.000000]   node   0: [mem 0x0000000000100000-0x000000003ffeffff]
[    0.000000] Initmem setup node 0 [mem 0x0000000000001000-0x000000003ffeffff]
[    0.000000] ACPI: PM-Timer IO Port: 0x4008
[    0.000000] IOAPIC[0]: apic_id 2, version 32, address 0xfec00000, GSI 0-23
[    0.000000] ACPI: INT_SRC_OVR (bus 0 bus_irq 0 global_irq 2 dfl dfl)
[    0.000000] ACPI: INT_SRC_OVR (bus 0 bus_irq 9 global_irq 9 high level)
[    0.000000] Using ACPI (MADT) for SMP configuration information
[    0.000000] smpboot: Allowing 2 CPUs, 0 hotplug CPUs
[    0.000000] PM: Registered nosave memory: [mem 0x00000000-0x00000fff]
[    0.000000] PM: Registered nosave memory: [mem 0x0009f000-0x0009ffff]
[    0.000000] PM: Registered nosave memory: [mem 0x000a0000-0x000effff]
[    0.000000] PM: Registered nosave memory: [mem 0x000f0000-0x000fffff]
[    0.000000] e820: [mem 0x40000000-0xfebfffff] available for PCI devices
[    0.000000] Booting paravirtualized kernel on KVM
[    0.000000] clocksource: refined-jiffies: mask: 0xffffffff max_cycles: 0xffffffff, max_idle_ns: 7645519600211568 ns
[    0.000000] setup_percpu: NR_CPUS:512 nr_cpumask_bits:512 nr_cpu_ids:2 nr_node_ids:1
[    0.000000] PERCPU: Embedded 33 pages/cpu @ffff88003fc00000 s98200 r8192 d28776 u1048576
[    0.000000] PV qspinlock hash table entries: 256 (order: 0, 4096 bytes)
[    0.000000] Built 1 zonelists in Node order, mobility grouping on.  Total pages: 257913
[    0.000000] Policy zone: DMA32
[    0.000000] Kernel command line: BOOT_IMAGE=/boot/vmlinuz-4.4.0-103-generic root=UUID=7150905e-db03-4f6c-b8a9-54656d784602 ro console=tty1 console=ttyS0
[    0.000000] PID hash table entries: 4096 (order: 3, 32768 bytes)
[    0.000000] Memory: 997340K/1048120K available (8485K kernel code, 1295K rwdata, 3988K rodata, 1492K init, 1316K bss, 50780K reserved, 0K cma-reserved)
[    0.000000] SLUB: HWalign=64, Order=0-3, MinObjects=0, CPUs=2, Nodes=1
[    0.000000] Hierarchical RCU implementation.
[    0.000000] 	Build-time adjustment of leaf fanout to 64.
[    0.000000] 	RCU restricting CPUs from NR_CPUS=512 to nr_cpu_ids=2.
[    0.000000] RCU: Adjusting geometry for rcu_fanout_leaf=64, nr_cpu_ids=2
[    0.000000] NR_IRQS:33024 nr_irqs:440 16
[    0.000000] Console: colour VGA+ 80x25
[    0.000000] console [tty1] enabled
[    0.000000] console [ttyS0] enabled
[    0.000000] tsc: Detected 2194.918 MHz processor
[   13.070208] Calibrating delay loop (skipped) preset value.. 4389.83 BogoMIPS (lpj=8779672)
[   13.205080] pid_max: default: 32768 minimum: 301
[   13.314434] ACPI: Core revision 20150930
[   13.409034] ACPI: 2 ACPI AML tables successfully acquired and loaded
[   13.538859] Security Framework initialized
[   13.611865] Yama: becoming mindful.
[   13.679989] AppArmor: AppArmor initialized
[   13.772992] Dentry cache hash table entries: 131072 (order: 8, 1048576 bytes)
[   13.914045] Inode-cache hash table entries: 65536 (order: 7, 524288 bytes)
[   14.044501] Mount-cache hash table entries: 2048 (order: 2, 16384 bytes)
[   14.187173] Mountpoint-cache hash table entries: 2048 (order: 2, 16384 bytes)
[   14.281730] Initializing cgroup subsys io
[   14.287739] Initializing cgroup subsys memory
[   14.288604] Initializing cgroup subsys devices
[   14.289422] Initializing cgroup subsys freezer
[   14.290214] Initializing cgroup subsys net_cls
[   14.291016] Initializing cgroup subsys perf_event
[   14.291790] Initializing cgroup subsys net_prio
[   14.292578] Initializing cgroup subsys hugetlb
[   14.293329] Initializing cgroup subsys pids
[   14.294150] CPU: Physical Processor ID: 0
[   14.294845] CPU: Processor Core ID: 0
[   14.296261] mce: CPU supports 0 MCE banks
[   14.305269] Last level iTLB entries: 4KB 1024, 2MB 1024, 4MB 1024
[   14.433763] Last level dTLB entries: 4KB 1024, 2MB 1024, 4MB 1024, 1GB 4
[   14.571171] Freeing SMP alternatives memory: 32K
[   14.647274] ftrace: allocating 32158 entries in 126 pages
[   14.795502] smpboot: APIC(0) Converting physical 0 to logical package 0
[   14.934617] smpboot: Max logical packages: 1
[   15.042817] x2apic enabled
[   15.116412] Switched APIC routing to physical x2apic.
[   15.233801] ..TIMER: vector=0x30 apic1=0 pin1=2 apic2=-1 pin2=-1
[   15.449505] smpboot: CPU0: Intel(R) Core(TM) i7-4770HQ CPU @ 2.20GHz (family: 0x6, model: 0x46, stepping: 0x1)
[   15.668207] Performance Events: unsupported p6 CPU model 70 no PMU driver, software events only.
[   15.881612] KVM setup paravirtual spinlock
[   15.982359] x86: Booting SMP configuration:
[   16.074800] .... node  #0, CPUs:      #1
[   16.161109] kvm-clock: cpu 1, msr 0:3ffe3041, secondary cpu clock
[   16.328332] mce: CPU supports 0 MCE banks
[   16.411027] x86: Booted up 1 node, 2 CPUs
[   16.449954] smpboot: Total of 2 processors activated (8779.67 BogoMIPS)
[   16.560181] devtmpfs: initialized
[   16.638612] evm: security.selinux
[   16.702773] evm: security.SMACK64
[   16.772387] evm: security.SMACK64EXEC
[   16.847416] evm: security.SMACK64TRANSMUTE
[   16.947182] evm: security.SMACK64MMAP
[   17.004300] evm: security.ima
[   17.067886] evm: security.capability
[   17.156994] clocksource: jiffies: mask: 0xffffffff max_cycles: 0xffffffff, max_idle_ns: 7645041785100000 ns
[   17.396105] futex hash table entries: 512 (order: 3, 32768 bytes)
[   17.520129] pinctrl core: initialized pinctrl subsystem
[   17.579338] RTC time:  0:37:47, date: 12/14/17
[   17.687858] NET: Registered protocol family 16
[   17.802359] cpuidle: using governor ladder
[   17.910928] cpuidle: using governor menu
[   17.989628] PCCT header not found.
[   18.076787] ACPI: bus type PCI registered
[   18.181147] acpiphp: ACPI Hot Plug PCI Controller Driver version: 0.5
[   18.324033] PCI: Using configuration type 1 for base access
[   18.455571] ACPI: Added _OSI(Module Device)
[   18.562349] ACPI: Added _OSI(Processor Device)
[   18.607656] ACPI: Added _OSI(3.0 _SCP Extensions)
[   18.647775] ACPI: Added _OSI(Processor Aggregator Device)
[   18.768720] ACPI: Executed 1 blocks of module-level executable AML code
[   18.913801] ACPI: Interpreter enabled
[   18.998213] ACPI: (supports S0 S5)
[   19.070831] ACPI: Using IOAPIC for interrupt routing
[   19.202696] PCI: Using host bridge windows from ACPI; if necessary, use "pci=nocrs" and report a bug
[   19.446651] ACPI: PCI Root Bridge [PCI0] (domain 0000 [bus 00-ff])
[   19.578528] acpi PNP0A03:00: _OSC: OS supports [ASPM ClockPM Segments MSI]
[   19.685940] acpi PNP0A03:00: _OSC failed (AE_NOT_FOUND); disabling ASPM
[   19.800698] acpi PNP0A03:00: fail to add MMCONFIG information, can't access extended PCI configuration space under this bridge.
[   20.039113] PCI host bridge to bus 0000:00
[   20.133234] pci_bus 0000:00: root bus resource [io  0x0000-0x0cf7 window]
[   20.286601] pci_bus 0000:00: root bus resource [io  0x0d00-0xffff window]
[   20.449815] pci_bus 0000:00: root bus resource [mem 0x000a0000-0x000bffff window]
[   20.610141] pci_bus 0000:00: root bus resource [mem 0x40000000-0xffdfffff window]
[   20.767486] pci_bus 0000:00: root bus resource [bus 00-ff]
[   20.825869] pci 0000:00:01.1: legacy IDE quirk: reg 0x10: [io  0x01f0-0x01f7]
[   20.994824] pci 0000:00:01.1: legacy IDE quirk: reg 0x14: [io  0x03f6]
[   21.158651] pci 0000:00:01.1: legacy IDE quirk: reg 0x18: [io  0x0170-0x0177]
[   21.332775] pci 0000:00:01.1: legacy IDE quirk: reg 0x1c: [io  0x0376]
[   21.499151] pci 0000:00:07.0: quirk: [io  0x4000-0x403f] claimed by PIIX4 ACPI
[   21.656950] pci 0000:00:07.0: quirk: [io  0x4100-0x410f] claimed by PIIX4 SMB
[   21.802555] ACPI: PCI Interrupt Link [LNKA] (IRQs 5 9 10 *11)
[   21.873014] ACPI: PCI Interrupt Link [LNKB] (IRQs 5 9 10 *11)
[   21.973445] ACPI: PCI Interrupt Link [LNKC] (IRQs 5 9 *10 11)
[   22.081611] ACPI: PCI Interrupt Link [LNKD] (IRQs 5 *9 10 11)
[   22.206188] ACPI: Enabled 2 GPEs in block 00 to 07
[   22.316577] vgaarb: setting as boot device: PCI:0000:00:02.0
[   22.468896] vgaarb: device added: PCI:0000:00:02.0,decodes=io+mem,owns=io+mem,locks=none
[   22.646030] vgaarb: loaded
[   22.721709] vgaarb: bridge control possible 0000:00:02.0
[   22.835490] SCSI subsystem initialized
[   22.912642] ACPI: bus type USB registered
[   22.961748] usbcore: registered new interface driver usbfs
[   23.071136] usbcore: registered new interface driver hub
[   23.188072] usbcore: registered new device driver usb
[   23.255948] PCI: Using ACPI for IRQ routing
[   23.340944] NetLabel: Initializing
[   23.417260] NetLabel:  domain hash size = 128
[   23.525354] NetLabel:  protocols = UNLABELED CIPSOv4
[   23.627154] NetLabel:  unlabeled traffic allowed by default
[   23.761421] amd_nb: Cannot enumerate AMD northbridges
[   23.859615] clocksource: Switched to clocksource kvm-clock
[   23.989705] AppArmor: AppArmor Filesystem Enabled
[   24.087493] pnp: PnP ACPI init
[   24.163100] pnp: PnP ACPI: found 3 devices
[   24.282999] clocksource: acpi_pm: mask: 0xffffff max_cycles: 0xffffff, max_idle_ns: 2085701024 ns
[   24.512407] NET: Registered protocol family 2
[   24.612418] TCP established hash table entries: 8192 (order: 4, 65536 bytes)
[   24.800918] TCP bind hash table entries: 8192 (order: 5, 131072 bytes)
[   24.960379] TCP: Hash tables configured (established 8192 bind 8192)
[   25.127783] UDP hash table entries: 512 (order: 2, 16384 bytes)
[   25.224265] UDP-Lite hash table entries: 512 (order: 2, 16384 bytes)
[   25.381255] NET: Registered protocol family 1
[   25.487191] pci 0000:00:00.0: Limiting direct PCI/PCI transfers
[   25.640070] pci 0000:00:01.0: Activating ISA DMA hang workarounds
[   25.793052] Unpacking initramfs...
[   26.079447] Freeing initrd memory: 15232K
[   26.173745] platform rtc_cmos: registered platform RTC device (no PNP device found)
[   26.255412] Scanning for low memory corruption every 60 seconds
[   26.380176] audit: initializing netlink subsys (disabled)
[   26.522143] audit: type=2000 audit(1513211858.465:1): initialized
[   26.651307] Initialise system trusted keyring
[   26.762356] HugeTLB registered 2 MB page size, pre-allocated 0 pages
[   26.927320] zbud: loaded
[   26.981134] VFS: Disk quotas dquot_6.6.0
[   27.086160] VFS: Dquot-cache hash table entries: 512 (order 0, 4096 bytes)
[   27.260605] tsc: Refined TSC clocksource calibration: 2194.919 MHz
[   27.386878] clocksource: tsc: mask: 0xffffffffffffffff max_cycles: 0x1fa372fc492, max_idle_ns: 440795285018 ns
[   27.387258] squashfs: version 4.0 (2009/01/31) Phillip Lougher
[   27.387524] fuse init (API version 7.23)
[   27.387638] Key type big_key registered
[   27.387657] Allocating IMA MOK and blacklist keyrings.
[   27.387922] Key type asymmetric registered
[   27.387928] Asymmetric key parser 'x509' registered
[   27.387962] Block layer SCSI generic (bsg) driver version 0.4 loaded (major 249)
[   27.388016] io scheduler noop registered
[   27.388019] io scheduler deadline registered (default)
[   27.388065] io scheduler cfq registered
[   27.388183] pci_hotplug: PCI Hot Plug PCI Core version: 0.5
[   27.388188] pciehp: PCI Express Hot Plug Controller Driver version: 0.4
[   27.388505] ACPI: AC Adapter [AC] (off-line)
[   27.388558] input: Power Button as /devices/LNXSYSTM:00/LNXPWRBN:00/input/input0
[   27.388560] ACPI: Power Button [PWRF]
[   27.388638] input: Sleep Button as /devices/LNXSYSTM:00/LNXSLPBN:00/input/input1
[   27.388640] ACPI: Sleep Button [SLPF]
[   27.388769] GHES: HEST is not enabled!
[   27.389745] ACPI: Battery Slot [BAT0] (battery present)
[   27.389797] Serial: 8250/16550 driver, 32 ports, IRQ sharing enabled
[   27.650217] 00:02: ttyS0 at I/O 0x3f8 (irq = 4, base_baud = 115200) is a 16550A
[   27.803699] Linux agpgart interface v0.103
[   27.936853] loop: module loaded
[   27.937322] scsi host0: ata_piix
[   27.937368] scsi host1: ata_piix
[   27.937393] ata1: PATA max UDMA/33 cmd 0x1f0 ctl 0x3f6 bmdma 0xd000 irq 14
[   27.937393] ata2: PATA max UDMA/33 cmd 0x170 ctl 0x376 bmdma 0xd008 irq 15
[   27.937476] libphy: Fixed MDIO Bus: probed
[   27.937479] tun: Universal TUN/TAP device driver, 1.6
[   27.937479] tun: (C) 1999-2004 Max Krasnyansky <maxk@qualcomm.com>
[   27.937743] PPP generic driver version 2.4.2
[   27.937799] ehci_hcd: USB 2.0 'Enhanced' Host Controller (EHCI) Driver
[   27.937803] ehci-pci: EHCI PCI platform driver
[   27.937816] ehci-platform: EHCI generic platform driver
[   27.937824] ohci_hcd: USB 1.1 'Open' Host Controller (OHCI) Driver
[   27.937826] ohci-pci: OHCI PCI platform driver
[   27.937834] ohci-platform: OHCI generic platform driver
[   27.937840] uhci_hcd: USB Universal Host Controller Interface driver
[   27.937888] i8042: PNP: PS/2 Controller [PNP0303:PS2K,PNP0f03:PS2M] at 0x60,0x64 irq 1,12
[   28.024379] serio: i8042 KBD port at 0x60,0x64 irq 1
[   28.024386] serio: i8042 AUX port at 0x60,0x64 irq 12
[   28.024520] mousedev: PS/2 mouse device common for all mice
[   28.024788] rtc_cmos rtc_cmos: rtc core: registered rtc_cmos as rtc0
[   28.024836] rtc_cmos rtc_cmos: alarms up to one day, 114 bytes nvram
[   28.024841] i2c /dev entries driver
[   28.024895] device-mapper: uevent: version 1.0.3
[   28.024942] device-mapper: ioctl: 4.34.0-ioctl (2015-10-28) initialised: dm-devel@redhat.com
[   28.024959] ledtrig-cpu: registered to indicate activity on CPUs
[   28.025194] NET: Registered protocol family 10
[   28.025323] NET: Registered protocol family 17
[   28.025330] Key type dns_resolver registered
[   28.178193] microcode: CPU0 sig=0x40661, pf=0x40, revision=0x0
[   28.178251] microcode: CPU1 sig=0x40661, pf=0x40, revision=0x0
[   28.178329] microcode: Microcode Update Driver: v2.01 <tigran@aivazian.fsnet.co.uk>, Peter Oruba
[   28.178454] registered taskstats version 1
[   28.178471] Loading compiled-in X.509 certificates
[   28.179030] Loaded X.509 cert 'Build time autogenerated kernel key: 6495e09daeacef0cade9c1ea2246b74b6c79cd53'
[   28.179050] zswap: loaded using pool lzo/zbud
[   28.180508] Key type trusted registered
[   28.182487] Key type encrypted registered
[   28.182491] AppArmor: AppArmor sha1 policy hashing enabled
[   28.182494] ima: No TPM chip found, activating TPM-bypass!
[   28.182510] evm: HMAC attrs: 0x1
[   28.182724]   Magic number: 13:665:607
[   28.330370] rtc_cmos rtc_cmos: setting system clock to 2017-12-14 00:37:58 UTC (1513211878)
[   28.330521] BIOS EDD facility v0.16 2004-Jun-25, 0 devices found
[   28.330521] EDD information not available.
[   28.775642] input: AT Translated Set 2 keyboard as /devices/platform/i8042/serio0/input/input2
[   35.148158] Freeing unused kernel memory: 1492K
[   35.349956] Write protecting the kernel read-only data: 14336k
[   35.541060] Freeing unused kernel memory: 1744K
[   35.697336] Freeing unused kernel memory: 108K
Loading, please [   35.893699] random: systemd-udevd: uninitialized urandom read (16 bytes read, 3 bits of entropy available)
wait...
startin[   35.894220] random: udevadm: uninitialized urandom read (16 bytes read, 3 bits of entropy available)
g version 229
[   35.894235] random: udevadm: uninitialized urandom read (16 bytes read, 3 bits of entropy available)
[   35.899729] random: udevadm: uninitialized urandom read (16 bytes read, 3 bits of entropy available)
[   35.899800] random: udevadm: uninitialized urandom read (16 bytes read, 3 bits of entropy available)
[   35.899893] random: udevadm: uninitialized urandom read (16 bytes read, 3 bits of entropy available)
[   35.899928] random: udevadm: uninitialized urandom read (16 bytes read, 3 bits of entropy available)
[   35.899960] random: udevadm: uninitialized urandom read (16 bytes read, 3 bits of entropy available)
[   35.899991] random: udevadm: uninitialized urandom read (16 bytes read, 3 bits of entropy available)
[   35.900023] random: udevadm: uninitialized urandom read (16 bytes read, 3 bits of entropy available)
[   38.186806] Fusion MPT base driver 3.04.20
[   38.289291] Copyright (c) 1999-2008 LSI Corporation
[   38.463822] e1000: Intel(R) PRO/1000 Network Driver - version 7.3.21-k8-NAPI
[   38.650328] e1000: Copyright (c) 1999-2006 Intel Corporation.
[   38.834009] Fusion MPT SPI Host driver 3.04.20
[   38.992835] AVX version of gcm_enc/dec engaged.
[   39.079133] AES CTR mode by8 optimization enabled
[   39.228646] input: ImExPS/2 Generic Explorer Mouse as /devices/platform/i8042/serio1/input/input4
[   39.332537] e1000 0000:00:03.0 eth0: (PCI:33MHz:32-bit) 02:b9:83:f0:a4:db
[   39.572459] e1000 0000:00:03.0 eth0: Intel(R) PRO/1000 Network Connection
[   39.865123] e1000 0000:00:03.0 enp0s3: renamed from eth0
[   39.987709] mptbase: ioc0: Initiating bringup
[   40.188210] ioc0: LSI53C1030 A0: Capabilities={Initiator}
[   40.498859] scsi host2: ioc0: LSI53C1030 A0, FwRev=00000000h, Ports=1, MaxQ=256, IRQ=20
[   40.912904] scsi 2:0:0:0: Direct-Access     VBOX     HARDDISK         1.0  PQ: 0 ANSI: 5
[   41.274787] scsi target2:0:0: Beginning Domain Validation
[   41.414750] scsi target2:0:0: Domain Validation skipping write tests
[   41.437797] scsi target2:0:0: Ending Domain Validation
[   41.452353] scsi target2:0:0: asynchronous
[   41.479257] scsi 2:0:1:0: Direct-Access     VBOX     HARDDISK         1.0  PQ: 0 ANSI: 5
[   41.800557] scsi target2:0:1: Beginning Domain Validation
[   42.022173] scsi target2:0:1: Domain Validation skipping write tests
[   42.256955] scsi target2:0:1: Ending Domain Validation
[   42.257033] floppy0: no floppy controllers found
[   42.257067] work still pending
[   42.534793] scsi target2:0:1: asynchronous
[   42.554331] sd 2:0:0:0: Attached scsi generic sg0 type 0
[   42.554573] sd 2:0:0:0: [sda] 20971520 512-byte logical blocks: (10.7 GB/10.0 GiB)
[   42.554785] sd 2:0:0:0: [sda] Write Protect is off
[   42.554918] sd 2:0:0:0: [sda] Incomplete mode parameter data
[   42.554919] sd 2:0:0:0: [sda] Assuming drive cache: write through
[   42.568787]  sda: sda1
[   42.569553] sd 2:0:0:0: [sda] Attached SCSI disk
[   42.940644] sd 2:0:1:0: Attached scsi generic sg1 type 0
[   42.940781] sd 2:0:1:0: [sdb] 20480 512-byte logical blocks: (10.5 MB/10.0 MiB)
[   42.941135] sd 2:0:1:0: [sdb] Write Protect is off
[   42.941373] sd 2:0:1:0: [sdb] Incomplete mode parameter data
[   42.941374] sd 2:0:1:0: [sdb] Assuming drive cache: write through
[   42.943537] sd 2:0:1:0: [sdb] Attached SCSI disk
Begin: Loading e[   44.980510] md: linear personality registered for level -1
ssential drivers[   45.086931] md: multipath personality registered for level -4
 ... [   45.250216] md: raid0 personality registered for level 0
[   45.447692] md: raid1 personality registered for level 1
[   45.708042] raid6: sse2x1   gen()  9183 MB/s
[   45.839812] raid6: sse2x1   xor()  7446 MB/s
[   46.028097] raid6: sse2x2   gen() 12031 MB/s
[   46.203899] raid6: sse2x2   xor()  7878 MB/s
[   46.375834] raid6: sse2x4   gen() 13681 MB/s
[   46.548187] raid6: sse2x4   xor()  9333 MB/s
[   46.650434] raid6: using algorithm sse2x4 gen() 13681 MB/s
[   46.801428] raid6: .... xor() 9333 MB/s, rmw enabled
[   46.869920] raid6: using ssse3x2 recovery algorithm
[   46.945926] xor: automatically using best checksumming function:
[   47.214505]    avx       : 34398.000 MB/sec
[   47.365205] async_tx: api initialized (async)
[   47.468935] md: raid6 personality registered for level 6
[   47.592412] md: raid5 personality registered for level 5
[   47.714485] md: raid4 personality registered for level 4
[   47.864378] md: raid10 personality registered for level 10
done.
Begin: Running /scripts/init-premount ... done.
Begin: Mounting[   47.987403] Btrfs loaded
 root file system ... Begin: Running /scripts/lo[   48.119427] EXT4-fs (sda1): INFO: recovery required on readonly filesystem
cal-top ... done[   48.288988] EXT4-fs (sda1): write access will be enabled during recovery
.
Begin: Runnin[   48.467275] EXT4-fs (sda1): recovery complete
g /scripts/local[   48.567448] EXT4-fs (sda1): mounted filesystem with ordered data mode. Opts: (null)
-premount ... Scanning for Btrfs filesystems
done.
Warning: fsck not present, so skipping root file system
done.
Begin: Running /scripts/local-bottom ... done.
Begin: Running /scripts/init-bottom ... done.
[   48.832707] systemd[1]: systemd 229 running in system mode. (+PAM +AUDIT +SELINUX +IMA +APPARMOR +SMACK +SYSVINIT +UTMP +LIBCRYPTSETUP +GCRYPT +GNUTLS +ACL +XZ -LZ4 +SECCOMP +BLKID +ELFUTILS +KMOD -IDN)
[   49.138821] systemd[1]: Detected virtualization oracle.
[   49.266847] systemd[1]: Detected architecture x86-64.

Welcome to [1mUbuntu 16.04.3 LTS[0m!

[   49.413242] systemd[1]: Set hostname to <ubuntu-xenial>.
[   49.656261] systemd[1]: Set up automount Arbitrary Executable File Formats File System Automount Point.
[[0;32m  OK  [0m] Set up automount Arbitrary Executab...ats File System Automount Point.
[   49.948447] systemd[1]: Created slice User and Session Slice.
[[0;32m  OK  [0m] Created slice User and Session Slice.
[   50.131913] systemd[1]: Listening on Syslog Socket.
[[0;32m  OK  [0m] Listening on Syslog Socket.
[   50.268767] systemd[1]: Created slice System Slice.
[[0;32m  OK  [0m] Created slice System Slice.
[   50.428883] systemd[1]: Created slice system-serial\x2dgetty.slice.
[[0;32m  OK  [0m] Created slice system-serial\x2dgetty.slice.
[   50.644370] systemd[1]: Started Trigger resolvconf update for networkd DNS.
[[0;32m  OK  [0m] Started Trigger resolvconf update for networkd DNS.
[   50.900335] systemd[1]: Reached target Swap.
[[0;32m  OK  [0m] Reached target Swap.
[   51.006250] systemd[1]: Listening on udev Control Socket.
[[0;32m  OK  [0m] Listening on udev Control Socket.
[   51.088350] systemd[1]: Listening on Journal Audit Socket.
[[0;32m  OK  [0m] Listening on Journal Audit Socket.
[   51.219931] systemd[1]: Listening on LVM2 metadata daemon socket.
[[0;32m  OK  [0m] Listening on LVM2 metadata daemon socket.
[   51.436295] systemd[1]: Reached target Slices.
[[0;32m  OK  [0m] Reached target Slices.
[   51.580385] systemd[1]: Listening on udev Kernel Socket.
[[0;32m  OK  [0m] Listening on udev Kernel Socket.
[   51.744164] systemd[1]: Reached target User and Group Name Lookups.
[[0;32m  OK  [0m] Reached target User and Group Name Lookups.
[   51.952363] systemd[1]: Listening on LVM2 poll daemon socket.
[[0;32m  OK  [0m] Listening on LVM2 poll daemon socket.
[   52.152457] systemd[1]: Reached target Encrypted Volumes.
[[0;32m  OK  [0m] Reached target Encrypted Volumes.
[   52.291867] systemd[1]: Listening on Device-mapper event daemon FIFOs.
[[0;32m  OK  [0m] Listening on Device-mapper event daemon FIFOs.
[   52.504287] systemd[1]: Listening on /dev/initctl Compatibility Named Pipe.
[[0;32m  OK  [0m] Listening on /dev/initctl Compatibility Named Pipe.
[   52.780336] systemd[1]: Started Forward Password Requests to Wall Directory Watch.
[[0;32m  OK  [0m] Started Forward Password Requests to Wall Directory Watch.
[   53.024539] systemd[1]: Listening on Journal Socket (/dev/log).
[[0;32m  OK  [0m] Listening on Journal Socket (/dev/log).
[   53.236462] systemd[1]: Listening on Journal Socket.
[[0;32m  OK  [0m] Listening on Journal Socket.
[   53.396351] systemd[1]: Starting Nameserver information manager...
[   53.522987] random: nonblockingppool is initialized
         Starting Nameserver information manager...
[   53.711244] systemd[1]: Starting Remount Root and Kernel File Systems...
         [   53.868996] EXT4-fs (sda1): re-mounted. Opts: (null)
Starting Remount Root and Kernel File Systems...
[   54.035875] systemd[1]: Starting Load Kernel Modules...
         [   54.185124] Loading iSCSI transport class v2.0-870.
Starting Load Kernel Modules...[   54.326587] iscsi: registered transport (tcp)

[   54.455973] systemd[1]: Starting Create list of required static device nodes for the current kernel...
         [   54.631951] iscsi: registered transport (iser)
Starting Create list of required st... nodes for the current kernel...
[   54.904180] systemd[1]: Starting Journal Service...
         Starting Journal Service...
[   55.064233] systemd[1]: Starting Monitoring of LVM2 mirrors, snapshots etc. using dmeventd or progress polling...
         Starting Monitoring of LVM2 mirrors... dmeventd or progress polling...
[   55.452218] systemd[1]: Mounting POSIX Message Queue File System...
         Mounting POSIX Message Queue File System...
[   55.592193] systemd[1]: Starting Uncomplicated firewall...
         Starting Uncomplicated firewall...
[   55.864246] systemd[1]: Mounting Huge Pages File System...
         Mounting Huge Pages File System...
[   56.136574] systemd[1]: Mounting Debug File System...
         Mounting Debug File System...
[   56.376110] systemd[1]: Starting Set console keymap...
         Starting Set console keymap...
[   56.620422] systemd[1]: Mounted POSIX Message Queue File System.
[[0;32m  OK  [0m] Mounted POSIX Message Queue File System.
[   56.664326] systemd[1]: Mounted Huge Pages File System.
[[0;32m  OK  [0m] Mounted Huge Pages File System.
[   56.876083] systemd[1]: Mounted Debug File System.
[[0;32m  OK  [0m] Mounted Debug File System.
[   57.112272] systemd[1]: Started Journal Service.
[[0;32m  OK  [0m] Started Journal Service.
[[0;32m  OK  [0m] Started Remount Root and Kernel File Systems.
[[0;32m  OK  [0m] Started Load Kernel Modules.
[[0;32m  OK  [0m] Started Create list of required sta...ce nodes for the current kernel.
[[0;32m  OK  [0m] Started Uncomplicated firewall.
[[0;32m  OK  [0m] Started Set console keymap.
[[0;32m  OK  [0m] Started Nameserver information manager.
[[0;32m  OK  [0m] Started LVM2 metadata daemon.
         Starting Create Static Device Nodes in /dev...
         Mounting FUSE Control File System...
         Starting Apply Kernel Variables...
         Starting Load/Save Random Seed...
         Starting Initial cloud-init job (pre-networking)...
         Starting udev Coldplug all Devices...
         Starting Flush Journal to Persistent Storage...
[[0;32m  OK  [0m] Mounted FUSE Control File System.
[[0;32m  OK  [0m] Started Create Static Device Nodes in /dev.
[[0;32m  OK  [0m] Started Apply Kernel Variables.
[[0;32m  OK  [0m] Started Load/Save Random Seed.
[[0;32m  OK  [0m] Started Flush Journal to Persistent Storage.
[[0;32m  OK  [0m] Started udev Coldplug all Devices.
         Starting udev Kernel Device Manager...
[[0;32m  OK  [0m] Started udev Kernel Device Manager.
[[0;32m  OK  [0m] Started Dispatch Password Requests to Console Directory Watch.
[[0;32m  OK  [0m] Started Monitoring of LVM2 mirrors,...ng dmeventd or progress polling.
[[0;32m  OK  [0m] Reached target Local File Systems (Pre).
[[0;32m  OK  [0m] Reached target Local File Systems.
         Starting Tell Plymouth To Write Out Runtime Data...
[   35.527764] cloud-init[457]: Cloud-init v. 17.1 running 'init-local' at Thu, 14 Dec 2017 00:38:28 +0000. Up 35.25 seconds.
         Starting Set console font and keymap...
         Starting LSB: AppArmor initialization...
         Starting Create Volatile Files and Directories...
[[0;32m  OK  [0m] Started Tell Plymouth To Write Out Runtime Data.
[[0;32m  OK  [0m] Started Set console font and keymap.
[[0;32m  OK  [0m] Started Create Volatile Files and Directories.
[[0;32m  OK  [0m] Started Initial cloud-init job (pre-networking).
[[0;32m  OK  [0m] Found device /dev/ttyS0.
[[0;32m  OK  [0m] Listening on Load/Save RF Kill Switch Status /dev/rfkill Watch.
[[0;32m  OK  [0m] Reached target Network (Pre).
[[0;32m  OK  [0m] Reached target System Time Synchronized.
         Starting Update UTMP about System Boot/Shutdown...
[[0;32m  OK  [0m] Created slice system-getty.slice.
[[0;32m  OK  [0m] Started LSB: AppArmor initialization.
         Starting Raise network interfaces...
[[0;32m  OK  [0m] Started ifup for enp0s3.
[[0;32m  OK  [0m] Started Update UTMP about System Boot/Shutdown.
[[0;32m  OK  [0m] Started Raise network interfaces.
[[0;32m  OK  [0m] Reached target Network.
         Starting Initial cloud-init job (metadata service crawler)...
[   38.971390] cloud-init[970]: Cloud-init v. 17.1 running 'init' at Thu, 14 Dec 2017 00:38:32 +0000. Up 38.73 seconds.
[[0;32m  OK  [0m] Started Initial cloud-init job (metadata service crawler).
[[0;32m  OK  [0m] Reached target System Initialization.
[[0;32m  OK  [0m] Listening on UUID daemon activation socket.
[   39.037898] cloud-init[970]: ci-info: +++++++++++++++++++++++++++++++++++++Net device info++++++++++++++++++++++++++++++++++++++
[   39.244478] cloud-init[970]: ci-info: +--------+------+----------------------------+---------------+-------+-------------------+
[   39.328714] cloud-init[970]: ci-info: | Device |  Up  |          Address           |      Mask     | Scope |     Hw-Address    |
[   39.428573] cloud-init[970]: ci-info: +--------+------+----------------------------+---------------+-------+-------------------+
[[0;32m  OK  [0m] Started ACPI Events Check.
[[0;32m  OK  [0m] Reached target Paths.
[[0;32m  OK  [0m] Started Daily Cleanup of Temporary Directories.
[   39.515819] cloud-init[970]: ci-info: | enp0s3 | True |         10.0.2.15          | 255.255.255.0 |   .   | 02:b9:83:f0:a4:db |
[   39.752745] cloud-init[970]: ci-info: | enp0s3 | True | fe80::b9:83ff:fef0:a4db/64 |       .       |  link | 02:b9:83:f0:a4:db |
[   39.836724] cloud-init[970]: ci-info: |   lo   | True |         127.0.0.1          |   255.0.0.0   |   .   |         .         |
[   39.908864] cloud-init[970]: ci-info: |   lo   | True |          ::1/128           |       .       |  host |         .         |
[   40.000468] cloud-init[970]: ci-info: +--------+------+----------------------------+---------------+-------+-------------------+
[   40.084449] cloud-init[970]: ci-info: +++++++++++++++++++++++++++Route IPv4 info++++++++++++++++++++++++++++
         Starting LXD - unix socket.
[[0;32m  OK  [0m] Listening on ACPID Listen Socket.
[[0;32m  OK  [0m] Listening on D-Bus System Message Bus Socket.
[   40.129509] cloud-init[970]: ci-info: +-------+-------------+----------+---------------+-----------+-------+
[   40.302562] cloud-init[970]: ci-info: | Route | Destination | Gateway  |    Genmask    | Interface | Flags |
[   40.367323] cloud-init[970]: ci-info: +-------+-------------+----------+---------------+-----------+-------+
[   40.431438] cloud-init[970]: ci-info: |   0   |   0.0.0.0   | 10.0.2.2 |    0.0.0.0    |   enp0s3  |   UG  |
[   40.496572] cloud-init[970]: ci-info: |   1   |   10.0.2.0  | 0.0.0.0  | 255.255.255.0 |   enp0s3  |   U   |
[   40.565815] cloud-init[970]: ci-info: +-------+-------------+----------+---------------+-----------+-------+
[[0;32m  OK  [0m] Started Timer to automatically refresh installed snaps.
         Starting Socket activation for snappy daemon.
[[0;32m  OK  [0m] Reached target Network is Online.
         Starting iSCSI initiator daemon (iscsid)...
[[0;32m  OK  [0m] Started Daily apt download activities.
[[0;32m  OK  [0m] Started Daily apt upgrade and clean activities.
[[0;32m  OK  [0m] Reached target Timers.
[[0;32m  OK  [0m] Reached target Cloud-config availability.
[[0;32m  OK  [0m] Listening on LXD - unix socket.
[[0;32m  OK  [0m] Listening on Socket activation for snappy daemon.
[[0;32m  OK  [0m] Started iSCSI initiator daemon (iscsid).
         Starting Login to default iSCSI targets...
[[0;32m  OK  [0m] Reached target Sockets.
[[0;32m  OK  [0m] Reached target Basic System.
         Starting /etc/rc.local Compatibility...
[[0;32m  OK  [0m] Started D-Bus System Message Bus.
         Starting Accounts Service...
         Starting LSB: MD monitoring daemon...
         Starting vboxadd-x11.service...
         Starting Login Service...
[[0;32m  OK  [0m] Started Deferred execution scheduler.
         Starting Snappy daemon...
         Starting System Logging Service...
[[0;32m  OK  [0m] Started Unattended Upgrades Shutdown.
[[0;32m  OK  [0m] Started ACPI event daemon.
         Starting OpenBSD Secure Shell server...
[[0;32m  OK  [0m] Started Regular background program processing daemon.
         Starting LSB: Record successful boot for GRUB...
         Starting vboxadd.service...
[[0;32m  OK  [0m] Started FUSE filesystem for LXC.
         Starting Apply the settings specified in cloud-config...
         Starting LXD - container startup/shutdown...
[[0;32m  OK  [0m] Started System Logging Service.
[[0;32m  OK  [0m] Started Snappy daemon.
[[0;32m  OK  [0m] Started OpenBSD Secure Shell server.
[[0;32m  OK  [0m] Started /etc/rc.local Compatibility.
[[0;32m  OK  [0m] Started vboxadd-x11.service.
[[0;32m  OK  [0m] Started vboxadd.service.
[[0;32m  OK  [0m] Started LXD - container startup/shutdown.
[[0;32m  OK  [0m] Started Login to default iSCSI targets.
[[0;32m  OK  [0m] Started LSB: MD monitoring daemon.
[[0;32m  OK  [0m] Started LSB: Record successful boot for GRUB.
[[0;32m  OK  [0m] Started Apply the settings specified in cloud-config.
[   42.100905] cloud-init[1149]: Cloud-init v. 17.1 running 'modules:config' at Thu, 14 Dec 2017 00:38:35 +0000. Up 42.00 seconds.
         Starting Authenticate and Authorize Users to Run Privileged Tasks...
[[0;32m  OK  [0m] Reached target Remote File Systems (Pre).
[[0;32m  OK  [0m] Reached target Remote File Systems.
         Starting LSB: Set the CPU Frequency Scaling governor to "ondemand"...
         Starting LSB: automatic crash report generation...
         Starting Permit User Sessions...
         Starting LSB: VirtualBox Linux Additions...
         Starting LSB: daemon to balance interrupts for SMP systems...
         Starting vboxadd-service.service...
[[0;32m  OK  [0m] Started Permit User Sessions.
[[0;32m  OK  [0m] Started vboxadd-service.service.
[[0;32m  OK  [0m] Started Login Service.
[[0;32m  OK  [0m] Started Authenticate and Authorize Users to Run Privileged Tasks.
[[0;32m  OK  [0m] Started Accounts Service.
[[0;32m  OK  [0m] Started LSB: Set the CPU Frequency Scaling governor to "ondemand".
[[0;32m  OK  [0m] Started LSB: automatic crash report generation.
         Starting Terminate Plymouth Boot Screen...
         Starting Hold until boot process finishes up...
[[0;32m  OK  [0m] Started LSB: VirtualBox Linux Additions.
[[0;32m  OK  [0m] Started LSB: daemon to balance interrupts for SMP systems.
[[0;32m  OK  [0m] Started Terminate Plymouth Boot Screen.
[[0;32m  OK  [0m] Started Hold until boot process finishes up.
[[0;32m  OK  [0m] Started Getty on tty1.
[[0;32m  OK  [0m] Started Serial Getty on ttyS0.
[[0;32m  OK  [0m] Reached target Login Prompts.
         Starting Set console scheme...
[[0;32m  OK  [0m] Reached target Multi-User System.
[[0;32m  OK  [0m] Reached target Graphical Interface.
         Starting Update UTMP about System Runlevel Changes...
         Starting Execute cloud user/final scripts...
[[0;32m  OK  [0m] Started Set console scheme.
[[0;32m  OK  [0m] Started Update UTMP about System Runlevel Changes.
[   43.920938] cloud-init[1278]: Cloud-init v. 17.1 running 'modules:final' at Thu, 14 Dec 2017 00:38:37 +0000. Up 43.81 seconds.
[   44.004704] cloud-init[1278]: Cloud-init v. 17.1 finished at Thu, 14 Dec 2017 00:38:37 +0000. Datasource DataSourceNoCloud [seed=/dev/sdb][dsmode=net].  Up 43.91 seconds
[[0;32m  OK  [0m] Started Execute cloud user/final scripts.
[[0;32m  OK  [0m] Reached target Cloud-init target.

Ubuntu 16.04.3 LTS ubuntu-xenial ttyS0

ubuntu-xenial login: 